# JRE version: OpenJDK Runtime Environment (8.0_76-b03) (build 1.8.0_76-release-b03)
# Java VM: OpenJDK 64-Bit Server VM (25.76-b03 mixed mode windows-amd64 compressed oops)
Heap:
 PSYoungGen      total 162816K, used 124483K [0x00000000e0000000, 0x00000000ef880000, 0x0000000100000000)
  eden space 150016K, 74% used [0x00000000e0000000,0x00000000e6d17a80,0x00000000e9280000)
  from space 12800K, 99% used [0x00000000e9280000,0x00000000e9ef9428,0x00000000e9f00000)
  to   space 14848K, 0% used [0x00000000eea00000,0x00000000eea00000,0x00000000ef880000)
 ParOldGen       total 94208K, used 18836K [0x00000000a0000000, 0x00000000a5c00000, 0x00000000e0000000)
  object space 94208K, 19% used [0x00000000a0000000,0x00000000a1265030,0x00000000a5c00000)
 Metaspace       used 49501K, capacity 50772K, committed 50984K, reserved 1093632K
  class space    used 6617K, capacity 6910K, committed 6960K, reserved 1048576K
GC Heap History (10 events):
Event: 6.746 GC heap before
{Heap before GC invocations=5 (full 1):
 PSYoungGen      total 71680K, used 66560K [0x00000000e0000000, 0x00000000e8c00000, 0x0000000100000000)
  eden space 66560K, 100% used [0x00000000e0000000,0x00000000e4100000,0x00000000e4100000)
  from space 5120K, 0% used [0x00000000e4100000,0x00000000e4100000,0x00000000e4600000)
  to   space 5120K, 0% used [0x00000000e8700000,0x00000000e8700000,0x00000000e8c00000)
 ParOldGen       total 67072K, used 11434K [0x00000000a0000000, 0x00000000a4180000, 0x00000000e0000000)
  object space 67072K, 17% used [0x00000000a0000000,0x00000000a0b2a928,0x00000000a4180000)
 Metaspace       used 26017K, capacity 26430K, committed 26800K, reserved 1073152K
  class space    used 3594K, capacity 3701K, committed 3760K, reserved 1048576K
Event: 6.762 GC heap after
Heap after GC invocations=5 (full 1):
 PSYoungGen      total 106496K, used 5088K [0x00000000e0000000, 0x00000000e8c00000, 0x0000000100000000)
  eden space 101376K, 0% used [0x00000000e0000000,0x00000000e0000000,0x00000000e6300000)
  from space 5120K, 99% used [0x00000000e8700000,0x00000000e8bf8340,0x00000000e8c00000)
  to   space 5120K, 0% used [0x00000000e8200000,0x00000000e8200000,0x00000000e8700000)
 ParOldGen       total 67072K, used 13897K [0x00000000a0000000, 0x00000000a4180000, 0x00000000e0000000)
  object space 67072K, 20% used [0x00000000a0000000,0x00000000a0d92500,0x00000000a4180000)
 Metaspace       used 26017K, capacity 26430K, committed 26800K, reserved 1073152K
  class space    used 3594K, capacity 3701K, committed 3760K, reserved 1048576K
}
Event: 11.178 GC heap before
{Heap before GC invocations=6 (full 1):
 PSYoungGen      total 106496K, used 106464K [0x00000000e0000000, 0x00000000e8c00000, 0x0000000100000000)
  eden space 101376K, 100% used [0x00000000e0000000,0x00000000e6300000,0x00000000e6300000)
  from space 5120K, 99% used [0x00000000e8700000,0x00000000e8bf8340,0x00000000e8c00000)
  to   space 5120K, 0% used [0x00000000e8200000,0x00000000e8200000,0x00000000e8700000)
 ParOldGen       total 67072K, used 13897K [0x00000000a0000000, 0x00000000a4180000, 0x00000000e0000000)
  object space 67072K, 20% used [0x00000000a0000000,0x00000000a0d92500,0x00000000a4180000)
 Metaspace       used 29448K, capacity 29864K, committed 30256K, reserved 1075200K
  class space    used 3994K, capacity 4143K, committed 4144K, reserved 1048576K
Event: 11.235 GC heap after
Heap after GC invocations=6 (full 1):
 PSYoungGen      total 138240K, used 5104K [0x00000000e0000000, 0x00000000eaa00000, 0x0000000100000000)
  eden space 133120K, 0% used [0x00000000e0000000,0x00000000e0000000,0x00000000e8200000)
  from space 5120K, 99% used [0x00000000e8200000,0x00000000e86fc380,0x00000000e8700000)
  to   space 11264K, 0% used [0x00000000e9f00000,0x00000000e9f00000,0x00000000eaa00000)
 ParOldGen       total 67072K, used 16249K [0x00000000a0000000, 0x00000000a4180000, 0x00000000e0000000)
  object space 67072K, 24% used [0x00000000a0000000,0x00000000a0fde570,0x00000000a4180000)
 Metaspace       used 29448K, capacity 29864K, committed 30256K, reserved 1075200K
  class space    used 3994K, capacity 4143K, committed 4144K, reserved 1048576K
}
Event: 12.957 GC heap before
{Heap before GC invocations=7 (full 1):
 PSYoungGen      total 138240K, used 75042K [0x00000000e0000000, 0x00000000eaa00000, 0x0000000100000000)
  eden space 133120K, 52% used [0x00000000e0000000,0x00000000e444c740,0x00000000e8200000)
  from space 5120K, 99% used [0x00000000e8200000,0x00000000e86fc380,0x00000000e8700000)
  to   space 11264K, 0% used [0x00000000e9f00000,0x00000000e9f00000,0x00000000eaa00000)
 ParOldGen       total 67072K, used 16249K [0x00000000a0000000, 0x00000000a4180000, 0x00000000e0000000)
  object space 67072K, 24% used [0x00000000a0000000,0x00000000a0fde570,0x00000000a4180000)
 Metaspace       used 34445K, capacity 35052K, committed 35496K, reserved 1079296K
  class space    used 4620K, capacity 4781K, committed 4784K, reserved 1048576K
Event: 13.057 GC heap after
Heap after GC invocations=7 (full 1):
 PSYoungGen      total 161280K, used 11101K [0x00000000e0000000, 0x00000000ee700000, 0x0000000100000000)
  eden space 150016K, 0% used [0x00000000e0000000,0x00000000e0000000,0x00000000e9280000)
  from space 11264K, 98% used [0x00000000e9f00000,0x00000000ea9d7560,0x00000000eaa00000)
  to   space 12800K, 0% used [0x00000000e9280000,0x00000000e9280000,0x00000000e9f00000)
 ParOldGen       total 67072K, used 16329K [0x00000000a0000000, 0x00000000a4180000, 0x00000000e0000000)
  object space 67072K, 24% used [0x00000000a0000000,0x00000000a0ff2598,0x00000000a4180000)
 Metaspace       used 34445K, capacity 35052K, committed 35496K, reserved 1079296K
  class space    used 4620K, capacity 4781K, committed 4784K, reserved 1048576K
}
Event: 13.057 GC heap before
{Heap before GC invocations=8 (full 2):
 PSYoungGen      total 161280K, used 11101K [0x00000000e0000000, 0x00000000ee700000, 0x0000000100000000)
  eden space 150016K, 0% used [0x00000000e0000000,0x00000000e0000000,0x00000000e9280000)
  from space 11264K, 98% used [0x00000000e9f00000,0x00000000ea9d7560,0x00000000eaa00000)
  to   space 12800K, 0% used [0x00000000e9280000,0x00000000e9280000,0x00000000e9f00000)
 ParOldGen       total 67072K, used 16329K [0x00000000a0000000, 0x00000000a4180000, 0x00000000e0000000)
  object space 67072K, 24% used [0x00000000a0000000,0x00000000a0ff2598,0x00000000a4180000)
 Metaspace       used 34445K, capacity 35052K, committed 35496K, reserved 1079296K
  class space    used 4620K, capacity 4781K, committed 4784K, reserved 1048576K
Event: 13.307 GC heap after
Heap after GC invocations=8 (full 2):
 PSYoungGen      total 161280K, used 0K [0x00000000e0000000, 0x00000000ee700000, 0x0000000100000000)
  eden space 150016K, 0% used [0x00000000e0000000,0x00000000e0000000,0x00000000e9280000)
  from space 11264K, 0% used [0x00000000e9f00000,0x00000000e9f00000,0x00000000eaa00000)
  to   space 12800K, 0% used [0x00000000e9280000,0x00000000e9280000,0x00000000e9f00000)
 ParOldGen       total 94208K, used 17727K [0x00000000a0000000, 0x00000000a5c00000, 0x00000000e0000000)
  object space 94208K, 18% used [0x00000000a0000000,0x00000000a114fe00,0x00000000a5c00000)
 Metaspace       used 34445K, capacity 35052K, committed 35496K, reserved 1079296K
  class space    used 4620K, capacity 4781K, committed 4784K, reserved 1048576K
}
Event: 17.812 GC heap before
{Heap before GC invocations=9 (full 2):
 PSYoungGen      total 161280K, used 150016K [0x00000000e0000000, 0x00000000ee700000, 0x0000000100000000)
  eden space 150016K, 100% used [0x00000000e0000000,0x00000000e9280000,0x00000000e9280000)
  from space 11264K, 0% used [0x00000000e9f00000,0x00000000e9f00000,0x00000000eaa00000)
  to   space 12800K, 0% used [0x00000000e9280000,0x00000000e9280000,0x00000000e9f00000)
 ParOldGen       total 94208K, used 17727K [0x00000000a0000000, 0x00000000a5c00000, 0x00000000e0000000)
  object space 94208K, 18% used [0x00000000a0000000,0x00000000a114fe00,0x00000000a5c00000)
 Metaspace       used 43996K, capacity 45014K, committed 45096K, reserved 1087488K
  class space    used 5895K, capacity 6129K, committed 6192K, reserved 1048576K
Event: 17.872 GC heap after
Heap after GC invocations=9 (full 2):
 PSYoungGen      total 162816K, used 12773K [0x00000000e0000000, 0x00000000ef880000, 0x0000000100000000)
  eden space 150016K, 0% used [0x00000000e0000000,0x00000000e0000000,0x00000000e9280000)
  from space 12800K, 99% used [0x00000000e9280000,0x00000000e9ef9428,0x00000000e9f00000)
  to   space 14848K, 0% used [0x00000000eea00000,0x00000000eea00000,0x00000000ef880000)
 ParOldGen       total 94208K, used 18836K [0x00000000a0000000, 0x00000000a5c00000, 0x00000000e0000000)
  object space 94208K, 19% used [0x00000000a0000000,0x00000000a1265030,0x00000000a5c00000)
 Metaspace       used 43996K, capacity 45014K, committed 45096K, reserved 1087488K
  class space    used 5895K, capacity 6129K, committed 6192K, reserved 1048576K
}

