# JRE version: OpenJDK Runtime Environment (8.0_76-b03) (build 1.8.0_76-release-b03)
# Java VM: OpenJDK 64-Bit Server VM (25.76-b03 mixed mode windows-amd64 compressed oops)
Heap:
 PSYoungGen      total 435712K, used 195648K [0x00000000e0000000, 0x00000000ff480000, 0x0000000100000000)
  eden space 432640K, 45% used [0x00000000e0000000,0x00000000ebf102c8,0x00000000fa680000)
  from space 3072K, 0% used [0x00000000fa680000,0x00000000fa680000,0x00000000fa980000)
  to   space 39936K, 0% used [0x00000000fcd80000,0x00000000fcd80000,0x00000000ff480000)
 ParOldGen       total 166400K, used 42538K [0x00000000a0000000, 0x00000000aa280000, 0x00000000e0000000)
  object space 166400K, 25% used [0x00000000a0000000,0x00000000a298a860,0x00000000aa280000)
 Metaspace       used 73349K, capacity 77422K, committed 77872K, reserved 1118208K
  class space    used 9227K, capacity 9769K, committed 10032K, reserved 1048576K
GC Heap History (10 events):
Event: 4536.613 GC heap before
{Heap before GC invocations=38 (full 11):
 PSYoungGen      total 479232K, used 432640K [0x00000000e0000000, 0x0000000100000000, 0x0000000100000000)
  eden space 432640K, 100% used [0x00000000e0000000,0x00000000fa680000,0x00000000fa680000)
  from space 46592K, 0% used [0x00000000fd280000,0x00000000fd280000,0x0000000100000000)
  to   space 45056K, 0% used [0x00000000fa680000,0x00000000fa680000,0x00000000fd280000)
 ParOldGen       total 166400K, used 45572K [0x00000000a0000000, 0x00000000aa280000, 0x00000000e0000000)
  object space 166400K, 27% used [0x00000000a0000000,0x00000000a2c812a8,0x00000000aa280000)
 Metaspace       used 73119K, capacity 76564K, committed 77232K, reserved 1116160K
  class space    used 9200K, capacity 9696K, committed 9904K, reserved 1048576K
Event: 4536.679 GC heap after
Heap after GC invocations=38 (full 11):
 PSYoungGen      total 448512K, used 15451K [0x00000000e0000000, 0x00000000ff980000, 0x0000000100000000)
  eden space 432640K, 0% used [0x00000000e0000000,0x00000000e0000000,0x00000000fa680000)
  from space 15872K, 97% used [0x00000000fa680000,0x00000000fb596f60,0x00000000fb600000)
  to   space 42496K, 0% used [0x00000000fd000000,0x00000000fd000000,0x00000000ff980000)
 ParOldGen       total 166400K, used 45580K [0x00000000a0000000, 0x00000000aa280000, 0x00000000e0000000)
  object space 166400K, 27% used [0x00000000a0000000,0x00000000a2c832a8,0x00000000aa280000)
 Metaspace       used 73119K, capacity 76564K, committed 77232K, reserved 1116160K
  class space    used 9200K, capacity 9696K, committed 9904K, reserved 1048576K
}
Event: 4538.073 GC heap before
{Heap before GC invocations=39 (full 11):
 PSYoungGen      total 448512K, used 326893K [0x00000000e0000000, 0x00000000ff980000, 0x0000000100000000)
  eden space 432640K, 71% used [0x00000000e0000000,0x00000000f3024880,0x00000000fa680000)
  from space 15872K, 97% used [0x00000000fa680000,0x00000000fb596f60,0x00000000fb600000)
  to   space 42496K, 0% used [0x00000000fd000000,0x00000000fd000000,0x00000000ff980000)
 ParOldGen       total 166400K, used 45580K [0x00000000a0000000, 0x00000000aa280000, 0x00000000e0000000)
  object space 166400K, 27% used [0x00000000a0000000,0x00000000a2c832a8,0x00000000aa280000)
 Metaspace       used 73140K, capacity 76628K, committed 77232K, reserved 1116160K
  class space    used 9200K, capacity 9696K, committed 9904K, reserved 1048576K
Event: 4538.087 GC heap after
Heap after GC invocations=39 (full 11):
 PSYoungGen      total 472064K, used 4409K [0x00000000e0000000, 0x00000000ff680000, 0x0000000100000000)
  eden space 432640K, 0% used [0x00000000e0000000,0x00000000e0000000,0x00000000fa680000)
  from space 39424K, 11% used [0x00000000fd000000,0x00000000fd44e670,0x00000000ff680000)
  to   space 40960K, 0% used [0x00000000fa680000,0x00000000fa680000,0x00000000fce80000)
 ParOldGen       total 166400K, used 45580K [0x00000000a0000000, 0x00000000aa280000, 0x00000000e0000000)
  object space 166400K, 27% used [0x00000000a0000000,0x00000000a2c832a8,0x00000000aa280000)
 Metaspace       used 73140K, capacity 76628K, committed 77232K, reserved 1116160K
  class space    used 9200K, capacity 9696K, committed 9904K, reserved 1048576K
}
Event: 4538.087 GC heap before
{Heap before GC invocations=40 (full 12):
 PSYoungGen      total 472064K, used 4409K [0x00000000e0000000, 0x00000000ff680000, 0x0000000100000000)
  eden space 432640K, 0% used [0x00000000e0000000,0x00000000e0000000,0x00000000fa680000)
  from space 39424K, 11% used [0x00000000fd000000,0x00000000fd44e670,0x00000000ff680000)
  to   space 40960K, 0% used [0x00000000fa680000,0x00000000fa680000,0x00000000fce80000)
 ParOldGen       total 166400K, used 45580K [0x00000000a0000000, 0x00000000aa280000, 0x00000000e0000000)
  object space 166400K, 27% used [0x00000000a0000000,0x00000000a2c832a8,0x00000000aa280000)
 Metaspace       used 73140K, capacity 76628K, committed 77232K, reserved 1116160K
  class space    used 9200K, capacity 9696K, committed 9904K, reserved 1048576K
Event: 4538.521 GC heap after
Heap after GC invocations=40 (full 12):
 PSYoungGen      total 472064K, used 0K [0x00000000e0000000, 0x00000000ff680000, 0x0000000100000000)
  eden space 432640K, 0% used [0x00000000e0000000,0x00000000e0000000,0x00000000fa680000)
  from space 39424K, 0% used [0x00000000fd000000,0x00000000fd000000,0x00000000ff680000)
  to   space 40960K, 0% used [0x00000000fa680000,0x00000000fa680000,0x00000000fce80000)
 ParOldGen       total 166400K, used 44229K [0x00000000a0000000, 0x00000000aa280000, 0x00000000e0000000)
  object space 166400K, 26% used [0x00000000a0000000,0x00000000a2b31590,0x00000000aa280000)
 Metaspace       used 72800K, capacity 76260K, committed 77232K, reserved 1116160K
  class space    used 9132K, capacity 9616K, committed 9904K, reserved 1048576K
}
Event: 4784.840 GC heap before
{Heap before GC invocations=41 (full 12):
 PSYoungGen      total 472064K, used 313933K [0x00000000e0000000, 0x00000000ff680000, 0x0000000100000000)
  eden space 432640K, 72% used [0x00000000e0000000,0x00000000f32936a0,0x00000000fa680000)
  from space 39424K, 0% used [0x00000000fd000000,0x00000000fd000000,0x00000000ff680000)
  to   space 40960K, 0% used [0x00000000fa680000,0x00000000fa680000,0x00000000fce80000)
 ParOldGen       total 166400K, used 44229K [0x00000000a0000000, 0x00000000aa280000, 0x00000000e0000000)
  object space 166400K, 26% used [0x00000000a0000000,0x00000000a2b31590,0x00000000aa280000)
 Metaspace       used 73243K, capacity 77270K, committed 77616K, reserved 1116160K
  class space    used 9219K, capacity 9761K, committed 10032K, reserved 1048576K
Event: 4784.855 GC heap after
Heap after GC invocations=41 (full 12):
 PSYoungGen      total 435712K, used 2752K [0x00000000e0000000, 0x00000000ff480000, 0x0000000100000000)
  eden space 432640K, 0% used [0x00000000e0000000,0x00000000e0000000,0x00000000fa680000)
  from space 3072K, 89% used [0x00000000fa680000,0x00000000fa930020,0x00000000fa980000)
  to   space 39936K, 0% used [0x00000000fcd80000,0x00000000fcd80000,0x00000000ff480000)
 ParOldGen       total 166400K, used 44237K [0x00000000a0000000, 0x00000000aa280000, 0x00000000e0000000)
  object space 166400K, 26% used [0x00000000a0000000,0x00000000a2b33590,0x00000000aa280000)
 Metaspace       used 73243K, capacity 77270K, committed 77616K, reserved 1116160K
  class space    used 9219K, capacity 9761K, committed 10032K, reserved 1048576K
}
Event: 4784.855 GC heap before
{Heap before GC invocations=42 (full 13):
 PSYoungGen      total 435712K, used 2752K [0x00000000e0000000, 0x00000000ff480000, 0x0000000100000000)
  eden space 432640K, 0% used [0x00000000e0000000,0x00000000e0000000,0x00000000fa680000)
  from space 3072K, 89% used [0x00000000fa680000,0x00000000fa930020,0x00000000fa980000)
  to   space 39936K, 0% used [0x00000000fcd80000,0x00000000fcd80000,0x00000000ff480000)
 ParOldGen       total 166400K, used 44237K [0x00000000a0000000, 0x00000000aa280000, 0x00000000e0000000)
  object space 166400K, 26% used [0x00000000a0000000,0x00000000a2b33590,0x00000000aa280000)
 Metaspace       used 73243K, capacity 77270K, committed 77616K, reserved 1116160K
  class space    used 9219K, capacity 9761K, committed 10032K, reserved 1048576K
Event: 4785.316 GC heap after
Heap after GC invocations=42 (full 13):
 PSYoungGen      total 435712K, used 0K [0x00000000e0000000, 0x00000000ff480000, 0x0000000100000000)
  eden space 432640K, 0% used [0x00000000e0000000,0x00000000e0000000,0x00000000fa680000)
  from space 3072K, 0% used [0x00000000fa680000,0x00000000fa680000,0x00000000fa980000)
  to   space 39936K, 0% used [0x00000000fcd80000,0x00000000fcd80000,0x00000000ff480000)
 ParOldGen       total 166400K, used 42538K [0x00000000a0000000, 0x00000000aa280000, 0x00000000e0000000)
  object space 166400K, 25% used [0x00000000a0000000,0x00000000a298a860,0x00000000aa280000)
 Metaspace       used 73073K, capacity 77086K, committed 77616K, reserved 1116160K
  class space    used 9185K, capacity 9721K, committed 10032K, reserved 1048576K
}

